[2026-04-26 11:09:53,540] WARNING django.server "POST /api/auth/login/ HTTP/1.1" 401 31
[2026-04-26 11:10:38,195] WARNING django.server "POST /api/auth/login/ HTTP/1.1" 401 31
[2026-04-26 11:10:57,359] WARNING django.server "POST /api/auth/login/ HTTP/1.1" 401 31
[2026-04-26 11:21:02,328] ERROR django.request Internal Server Error: /api/hod/send-report-emails/
[2026-04-26 11:21:02,328] ERROR django.server "POST /api/hod/send-report-emails/ HTTP/1.1" 500 222
[2026-04-26 11:37:08,803] ERROR django.request Internal Server Error: /api/hod/teacher/2/report/
Traceback (most recent call last):
  File "C:\Users\shubh\AppData\Roaming\Python\Python311\site-packages\django\core\handlers\exception.py", line 55, in inner
    response = get_response(request)
               ^^^^^^^^^^^^^^^^^^^^^
  File "C:\Users\shubh\AppData\Roaming\Python\Python311\site-packages\django\core\handlers\base.py", line 197, in _get_response
    response = wrapped_callback(request, *callback_args, **callback_kwargs)
               ^^^^^^^^^^^^^^^^^^^^^^^^^^^^^^^^^^^^^^^^^^^^^^^^^^^^^^^^^^^^
  File "C:\Users\shubh\AppData\Roaming\Python\Python311\site-packages\django\views\decorators\csrf.py", line 65, in _view_wrapper
    return view_func(request, *args, **kwargs)
           ^^^^^^^^^^^^^^^^^^^^^^^^^^^^^^^^^^^
  File "C:\Users\shubh\AppData\Roaming\Python\Python311\site-packages\django\views\generic\base.py", line 105, in view
    return self.dispatch(request, *args, **kwargs)
           ^^^^^^^^^^^^^^^^^^^^^^^^^^^^^^^^^^^^^^^
  File "C:\Users\shubh\AppData\Roaming\Python\Python311\site-packages\rest_framework\views.py", line 515, in dispatch
    response = self.handle_exception(exc)
               ^^^^^^^^^^^^^^^^^^^^^^^^^^
  File "C:\Users\shubh\AppData\Roaming\Python\Python311\site-packages\rest_framework\views.py", line 475, in handle_exception
    self.raise_uncaught_exception(exc)
  File "C:\Users\shubh\AppData\Roaming\Python\Python311\site-packages\rest_framework\views.py", line 486, in raise_uncaught_exception
    raise exc
  File "C:\Users\shubh\AppData\Roaming\Python\Python311\site-packages\rest_framework\views.py", line 512, in dispatch
    response = handler(request, *args, **kwargs)
               ^^^^^^^^^^^^^^^^^^^^^^^^^^^^^^^^^
  File "C:\Users\shubh\AppData\Roaming\Python\Python311\site-packages\rest_framework\decorators.py", line 50, in handler
    return func(*args, **kwargs)
           ^^^^^^^^^^^^^^^^^^^^^
  File "D:\student_feedback\backend\users\session_views.py", line 859, in hod_comprehensive_report
    rating_responses = responses.filter(question__question_type='RATING')
                       ^^^^^^^^^^^^^^^^^^^^^^^^^^^^^^^^^^^^^^^^^^^^^^^^^^
  File "C:\Users\shubh\AppData\Roaming\Python\Python311\site-packages\django\db\models\query.py", line 1495, in filter
    return self._filter_or_exclude(False, args, kwargs)
           ^^^^^^^^^^^^^^^^^^^^^^^^^^^^^^^^^^^^^^^^^^^^
  File "C:\Users\shubh\AppData\Roaming\Python\Python311\site-packages\django\db\models\query.py", line 1513, in _filter_or_exclude
    clone._filter_or_exclude_inplace(negate, args, kwargs)
  File "C:\Users\shubh\AppData\Roaming\Python\Python311\site-packages\django\db\models\query.py", line 1523, in _filter_or_exclude_inplace
    self._query.add_q(Q(*args, **kwargs))
  File "C:\Users\shubh\AppData\Roaming\Python\Python311\site-packages\django\db\models\sql\query.py", line 1648, in add_q
    clause, _ = self._add_q(q_object, can_reuse)
                ^^^^^^^^^^^^^^^^^^^^^^^^^^^^^^^^
  File "C:\Users\shubh\AppData\Roaming\Python\Python311\site-packages\django\db\models\sql\query.py", line 1680, in _add_q
    child_clause, needed_inner = self.build_filter(
                                 ^^^^^^^^^^^^^^^^^^
  File "C:\Users\shubh\AppData\Roaming\Python\Python311\site-packages\django\db\models\sql\query.py", line 1528, in build_filter
    lookups, parts, reffed_expression = self.solve_lookup_type(arg, summarize)
                                        ^^^^^^^^^^^^^^^^^^^^^^^^^^^^^^^^^^^^^^
  File "C:\Users\shubh\AppData\Roaming\Python\Python311\site-packages\django\db\models\sql\query.py", line 1335, in solve_lookup_type
    _, field, _, lookup_parts = self.names_to_path(lookup_splitted, self.get_meta())
                                ^^^^^^^^^^^^^^^^^^^^^^^^^^^^^^^^^^^^^^^^^^^^^^^^^^^^
  File "C:\Users\shubh\AppData\Roaming\Python\Python311\site-packages\django\db\models\sql\query.py", line 1813, in names_to_path
    raise FieldError(
django.core.exceptions.FieldError: Cannot resolve keyword 'question' into field. Choices are: answers, form, form_id, id, offering, offering_id, overall_remark, sentiment_label, sentiment_score, session, session_id, submissiontracker, submitted_at, teacher, teacher_id
[2026-04-26 11:37:08,810] ERROR django.server "GET /api/hod/teacher/2/report/?session_id=3 HTTP/1.1" 500 23556
[2026-04-26 11:37:19,530] ERROR django.request Internal Server Error: /api/hod/teacher/2/report/
Traceback (most recent call last):
  File "C:\Users\shubh\AppData\Roaming\Python\Python311\site-packages\django\core\handlers\exception.py", line 55, in inner
    response = get_response(request)
               ^^^^^^^^^^^^^^^^^^^^^
  File "C:\Users\shubh\AppData\Roaming\Python\Python311\site-packages\django\core\handlers\base.py", line 197, in _get_response
    response = wrapped_callback(request, *callback_args, **callback_kwargs)
               ^^^^^^^^^^^^^^^^^^^^^^^^^^^^^^^^^^^^^^^^^^^^^^^^^^^^^^^^^^^^
  File "C:\Users\shubh\AppData\Roaming\Python\Python311\site-packages\django\views\decorators\csrf.py", line 65, in _view_wrapper
    return view_func(request, *args, **kwargs)
           ^^^^^^^^^^^^^^^^^^^^^^^^^^^^^^^^^^^
  File "C:\Users\shubh\AppData\Roaming\Python\Python311\site-packages\django\views\generic\base.py", line 105, in view
    return self.dispatch(request, *args, **kwargs)
           ^^^^^^^^^^^^^^^^^^^^^^^^^^^^^^^^^^^^^^^
  File "C:\Users\shubh\AppData\Roaming\Python\Python311\site-packages\rest_framework\views.py", line 515, in dispatch
    response = self.handle_exception(exc)
               ^^^^^^^^^^^^^^^^^^^^^^^^^^
  File "C:\Users\shubh\AppData\Roaming\Python\Python311\site-packages\rest_framework\views.py", line 475, in handle_exception
    self.raise_uncaught_exception(exc)
  File "C:\Users\shubh\AppData\Roaming\Python\Python311\site-packages\rest_framework\views.py", line 486, in raise_uncaught_exception
    raise exc
  File "C:\Users\shubh\AppData\Roaming\Python\Python311\site-packages\rest_framework\views.py", line 512, in dispatch
    response = handler(request, *args, **kwargs)
               ^^^^^^^^^^^^^^^^^^^^^^^^^^^^^^^^^
  File "C:\Users\shubh\AppData\Roaming\Python\Python311\site-packages\rest_framework\decorators.py", line 50, in handler
    return func(*args, **kwargs)
           ^^^^^^^^^^^^^^^^^^^^^
  File "D:\student_feedback\backend\users\session_views.py", line 859, in hod_comprehensive_report
    rating_responses = responses.filter(question__question_type='RATING')
                       ^^^^^^^^^^^^^^^^^^^^^^^^^^^^^^^^^^^^^^^^^^^^^^^^^^
  File "C:\Users\shubh\AppData\Roaming\Python\Python311\site-packages\django\db\models\query.py", line 1495, in filter
    return self._filter_or_exclude(False, args, kwargs)
           ^^^^^^^^^^^^^^^^^^^^^^^^^^^^^^^^^^^^^^^^^^^^
  File "C:\Users\shubh\AppData\Roaming\Python\Python311\site-packages\django\db\models\query.py", line 1513, in _filter_or_exclude
    clone._filter_or_exclude_inplace(negate, args, kwargs)
  File "C:\Users\shubh\AppData\Roaming\Python\Python311\site-packages\django\db\models\query.py", line 1523, in _filter_or_exclude_inplace
    self._query.add_q(Q(*args, **kwargs))
  File "C:\Users\shubh\AppData\Roaming\Python\Python311\site-packages\django\db\models\sql\query.py", line 1648, in add_q
    clause, _ = self._add_q(q_object, can_reuse)
                ^^^^^^^^^^^^^^^^^^^^^^^^^^^^^^^^
  File "C:\Users\shubh\AppData\Roaming\Python\Python311\site-packages\django\db\models\sql\query.py", line 1680, in _add_q
    child_clause, needed_inner = self.build_filter(
                                 ^^^^^^^^^^^^^^^^^^
  File "C:\Users\shubh\AppData\Roaming\Python\Python311\site-packages\django\db\models\sql\query.py", line 1528, in build_filter
    lookups, parts, reffed_expression = self.solve_lookup_type(arg, summarize)
                                        ^^^^^^^^^^^^^^^^^^^^^^^^^^^^^^^^^^^^^^
  File "C:\Users\shubh\AppData\Roaming\Python\Python311\site-packages\django\db\models\sql\query.py", line 1335, in solve_lookup_type
    _, field, _, lookup_parts = self.names_to_path(lookup_splitted, self.get_meta())
                                ^^^^^^^^^^^^^^^^^^^^^^^^^^^^^^^^^^^^^^^^^^^^^^^^^^^^
  File "C:\Users\shubh\AppData\Roaming\Python\Python311\site-packages\django\db\models\sql\query.py", line 1813, in names_to_path
    raise FieldError(
django.core.exceptions.FieldError: Cannot resolve keyword 'question' into field. Choices are: answers, form, form_id, id, offering, offering_id, overall_remark, sentiment_label, sentiment_score, session, session_id, submissiontracker, submitted_at, teacher, teacher_id
[2026-04-26 11:37:19,534] ERROR django.server "GET /api/hod/teacher/2/report/?session_id=3&bypass_threshold=true HTTP/1.1" 500 23626
[2026-04-26 11:37:20,768] ERROR django.request Internal Server Error: /api/hod/teacher/2/report/
Traceback (most recent call last):
  File "C:\Users\shubh\AppData\Roaming\Python\Python311\site-packages\django\core\handlers\exception.py", line 55, in inner
    response = get_response(request)
               ^^^^^^^^^^^^^^^^^^^^^
  File "C:\Users\shubh\AppData\Roaming\Python\Python311\site-packages\django\core\handlers\base.py", line 197, in _get_response
    response = wrapped_callback(request, *callback_args, **callback_kwargs)
               ^^^^^^^^^^^^^^^^^^^^^^^^^^^^^^^^^^^^^^^^^^^^^^^^^^^^^^^^^^^^
  File "C:\Users\shubh\AppData\Roaming\Python\Python311\site-packages\django\views\decorators\csrf.py", line 65, in _view_wrapper
    return view_func(request, *args, **kwargs)
           ^^^^^^^^^^^^^^^^^^^^^^^^^^^^^^^^^^^
  File "C:\Users\shubh\AppData\Roaming\Python\Python311\site-packages\django\views\generic\base.py", line 105, in view
    return self.dispatch(request, *args, **kwargs)
           ^^^^^^^^^^^^^^^^^^^^^^^^^^^^^^^^^^^^^^^
  File "C:\Users\shubh\AppData\Roaming\Python\Python311\site-packages\rest_framework\views.py", line 515, in dispatch
    response = self.handle_exception(exc)
               ^^^^^^^^^^^^^^^^^^^^^^^^^^
  File "C:\Users\shubh\AppData\Roaming\Python\Python311\site-packages\rest_framework\views.py", line 475, in handle_exception
    self.raise_uncaught_exception(exc)
  File "C:\Users\shubh\AppData\Roaming\Python\Python311\site-packages\rest_framework\views.py", line 486, in raise_uncaught_exception
    raise exc
  File "C:\Users\shubh\AppData\Roaming\Python\Python311\site-packages\rest_framework\views.py", line 512, in dispatch
    response = handler(request, *args, **kwargs)
               ^^^^^^^^^^^^^^^^^^^^^^^^^^^^^^^^^
  File "C:\Users\shubh\AppData\Roaming\Python\Python311\site-packages\rest_framework\decorators.py", line 50, in handler
    return func(*args, **kwargs)
           ^^^^^^^^^^^^^^^^^^^^^
  File "D:\student_feedback\backend\users\session_views.py", line 859, in hod_comprehensive_report
    rating_responses = responses.filter(question__question_type='RATING')
                       ^^^^^^^^^^^^^^^^^^^^^^^^^^^^^^^^^^^^^^^^^^^^^^^^^^
  File "C:\Users\shubh\AppData\Roaming\Python\Python311\site-packages\django\db\models\query.py", line 1495, in filter
    return self._filter_or_exclude(False, args, kwargs)
           ^^^^^^^^^^^^^^^^^^^^^^^^^^^^^^^^^^^^^^^^^^^^
  File "C:\Users\shubh\AppData\Roaming\Python\Python311\site-packages\django\db\models\query.py", line 1513, in _filter_or_exclude
    clone._filter_or_exclude_inplace(negate, args, kwargs)
  File "C:\Users\shubh\AppData\Roaming\Python\Python311\site-packages\django\db\models\query.py", line 1523, in _filter_or_exclude_inplace
    self._query.add_q(Q(*args, **kwargs))
  File "C:\Users\shubh\AppData\Roaming\Python\Python311\site-packages\django\db\models\sql\query.py", line 1648, in add_q
    clause, _ = self._add_q(q_object, can_reuse)
                ^^^^^^^^^^^^^^^^^^^^^^^^^^^^^^^^
  File "C:\Users\shubh\AppData\Roaming\Python\Python311\site-packages\django\db\models\sql\query.py", line 1680, in _add_q
    child_clause, needed_inner = self.build_filter(
                                 ^^^^^^^^^^^^^^^^^^
  File "C:\Users\shubh\AppData\Roaming\Python\Python311\site-packages\django\db\models\sql\query.py", line 1528, in build_filter
    lookups, parts, reffed_expression = self.solve_lookup_type(arg, summarize)
                                        ^^^^^^^^^^^^^^^^^^^^^^^^^^^^^^^^^^^^^^
  File "C:\Users\shubh\AppData\Roaming\Python\Python311\site-packages\django\db\models\sql\query.py", line 1335, in solve_lookup_type
    _, field, _, lookup_parts = self.names_to_path(lookup_splitted, self.get_meta())
                                ^^^^^^^^^^^^^^^^^^^^^^^^^^^^^^^^^^^^^^^^^^^^^^^^^^^^
  File "C:\Users\shubh\AppData\Roaming\Python\Python311\site-packages\django\db\models\sql\query.py", line 1813, in names_to_path
    raise FieldError(
django.core.exceptions.FieldError: Cannot resolve keyword 'question' into field. Choices are: answers, form, form_id, id, offering, offering_id, overall_remark, sentiment_label, sentiment_score, session, session_id, submissiontracker, submitted_at, teacher, teacher_id
[2026-04-26 11:37:20,771] ERROR django.server "GET /api/hod/teacher/2/report/?session_id=3&bypass_threshold=true HTTP/1.1" 500 23626
[2026-04-26 11:48:47,228] ERROR django.request Internal Server Error: /api/hod/teacher/2/report/
Traceback (most recent call last):
  File "C:\Users\shubh\AppData\Roaming\Python\Python311\site-packages\django\core\handlers\exception.py", line 55, in inner
    response = get_response(request)
               ^^^^^^^^^^^^^^^^^^^^^
  File "C:\Users\shubh\AppData\Roaming\Python\Python311\site-packages\django\core\handlers\base.py", line 197, in _get_response
    response = wrapped_callback(request, *callback_args, **callback_kwargs)
               ^^^^^^^^^^^^^^^^^^^^^^^^^^^^^^^^^^^^^^^^^^^^^^^^^^^^^^^^^^^^
  File "C:\Users\shubh\AppData\Roaming\Python\Python311\site-packages\django\views\decorators\csrf.py", line 65, in _view_wrapper
    return view_func(request, *args, **kwargs)
           ^^^^^^^^^^^^^^^^^^^^^^^^^^^^^^^^^^^
  File "C:\Users\shubh\AppData\Roaming\Python\Python311\site-packages\django\views\generic\base.py", line 105, in view
    return self.dispatch(request, *args, **kwargs)
           ^^^^^^^^^^^^^^^^^^^^^^^^^^^^^^^^^^^^^^^
  File "C:\Users\shubh\AppData\Roaming\Python\Python311\site-packages\rest_framework\views.py", line 515, in dispatch
    response = self.handle_exception(exc)
               ^^^^^^^^^^^^^^^^^^^^^^^^^^
  File "C:\Users\shubh\AppData\Roaming\Python\Python311\site-packages\rest_framework\views.py", line 475, in handle_exception
    self.raise_uncaught_exception(exc)
  File "C:\Users\shubh\AppData\Roaming\Python\Python311\site-packages\rest_framework\views.py", line 486, in raise_uncaught_exception
    raise exc
  File "C:\Users\shubh\AppData\Roaming\Python\Python311\site-packages\rest_framework\views.py", line 512, in dispatch
    response = handler(request, *args, **kwargs)
               ^^^^^^^^^^^^^^^^^^^^^^^^^^^^^^^^^
  File "C:\Users\shubh\AppData\Roaming\Python\Python311\site-packages\rest_framework\decorators.py", line 50, in handler
    return func(*args, **kwargs)
           ^^^^^^^^^^^^^^^^^^^^^
  File "D:\student_feedback\backend\users\session_views.py", line 859, in hod_comprehensive_report
    answers = Answer.objects.filter(response_parent__in=responses)
              ^^^^^^
NameError: name 'Answer' is not defined
[2026-04-26 11:48:47,233] ERROR django.server "GET /api/hod/teacher/2/report/?session_id=3 HTTP/1.1" 500 21203
[2026-04-26 11:48:51,866] ERROR django.request Internal Server Error: /api/hod/teacher/2/report/
Traceback (most recent call last):
  File "C:\Users\shubh\AppData\Roaming\Python\Python311\site-packages\django\core\handlers\exception.py", line 55, in inner
    response = get_response(request)
               ^^^^^^^^^^^^^^^^^^^^^
  File "C:\Users\shubh\AppData\Roaming\Python\Python311\site-packages\django\core\handlers\base.py", line 197, in _get_response
    response = wrapped_callback(request, *callback_args, **callback_kwargs)
               ^^^^^^^^^^^^^^^^^^^^^^^^^^^^^^^^^^^^^^^^^^^^^^^^^^^^^^^^^^^^
  File "C:\Users\shubh\AppData\Roaming\Python\Python311\site-packages\django\views\decorators\csrf.py", line 65, in _view_wrapper
    return view_func(request, *args, **kwargs)
           ^^^^^^^^^^^^^^^^^^^^^^^^^^^^^^^^^^^
  File "C:\Users\shubh\AppData\Roaming\Python\Python311\site-packages\django\views\generic\base.py", line 105, in view
    return self.dispatch(request, *args, **kwargs)
           ^^^^^^^^^^^^^^^^^^^^^^^^^^^^^^^^^^^^^^^
  File "C:\Users\shubh\AppData\Roaming\Python\Python311\site-packages\rest_framework\views.py", line 515, in dispatch
    response = self.handle_exception(exc)
               ^^^^^^^^^^^^^^^^^^^^^^^^^^
  File "C:\Users\shubh\AppData\Roaming\Python\Python311\site-packages\rest_framework\views.py", line 475, in handle_exception
    self.raise_uncaught_exception(exc)
  File "C:\Users\shubh\AppData\Roaming\Python\Python311\site-packages\rest_framework\views.py", line 486, in raise_uncaught_exception
    raise exc
  File "C:\Users\shubh\AppData\Roaming\Python\Python311\site-packages\rest_framework\views.py", line 512, in dispatch
    response = handler(request, *args, **kwargs)
               ^^^^^^^^^^^^^^^^^^^^^^^^^^^^^^^^^
  File "C:\Users\shubh\AppData\Roaming\Python\Python311\site-packages\rest_framework\decorators.py", line 50, in handler
    return func(*args, **kwargs)
           ^^^^^^^^^^^^^^^^^^^^^
  File "D:\student_feedback\backend\users\session_views.py", line 859, in hod_comprehensive_report
    answers = Answer.objects.filter(response_parent__in=responses)
              ^^^^^^
NameError: name 'Answer' is not defined
[2026-04-26 11:48:51,868] ERROR django.server "GET /api/hod/teacher/2/report/?session_id=3&bypass_threshold=true HTTP/1.1" 500 21273
[2026-04-26 11:57:02,137] WARNING django.server "GET /api/hod/teacher/2/report/?session_id=3&bypass_threshold=true HTTP/1.1" 401 58
[2026-04-26 16:26:20,865] WARNING django.server "GET /apihealth/ HTTP/1.1" 404 2884
[2026-04-26 16:26:20,871] WARNING django.server "GET /apihealth/ HTTP/1.1" 404 2884
[2026-04-26 16:26:20,879] WARNING django.server "GET /apihealth/ HTTP/1.1" 404 2884
[2026-04-26 16:26:20,885] WARNING django.server "GET /apihealth/ HTTP/1.1" 404 2884
[2026-04-26 16:26:23,875] WARNING django.server "GET /apihealth/ HTTP/1.1" 404 2884
[2026-04-26 16:26:23,888] WARNING django.server "GET /apihealth/ HTTP/1.1" 404 2884
[2026-04-26 16:26:49,738] WARNING django.server "GET /apihealth/ HTTP/1.1" 404 2884
[2026-04-26 16:26:49,751] WARNING django.server "GET /apihealth/ HTTP/1.1" 404 2884
[2026-04-26 16:26:49,759] WARNING django.server "GET /apihealth/ HTTP/1.1" 404 2884
[2026-04-26 16:26:49,767] WARNING django.server "GET /apihealth/ HTTP/1.1" 404 2884
[2026-04-26 16:26:52,756] WARNING django.server "GET /apihealth/ HTTP/1.1" 404 2884
[2026-04-26 16:26:52,769] WARNING django.server "GET /apihealth/ HTTP/1.1" 404 2884
[2026-04-26 16:26:54,020] WARNING django.server "GET /apihealth/ HTTP/1.1" 404 2884
[2026-04-26 16:27:28,225] WARNING django.server "GET /apihealth/ HTTP/1.1" 404 2884
[2026-04-26 16:27:28,231] WARNING django.server "GET /apihealth/ HTTP/1.1" 404 2884
[2026-04-26 16:27:28,237] WARNING django.server "GET /apihealth/ HTTP/1.1" 404 2884
[2026-04-26 16:27:28,244] WARNING django.server "GET /apihealth/ HTTP/1.1" 404 2884
[2026-04-26 16:27:31,248] WARNING django.server "GET /apihealth/ HTTP/1.1" 404 2884
[2026-04-26 16:27:31,258] WARNING django.server "GET /apihealth/ HTTP/1.1" 404 2884
